<?xml version="1.0" encoding="UTF-8"?>
<testng-results ignored="0" total="3" passed="3" failed="0" skipped="0">
  <reporter-output>
  </reporter-output>
  <suite started-at="2025-05-23T15:45:59 IST" name="Suite" finished-at="2025-05-23T15:46:37 IST" duration-ms="38030">
    <groups>
    </groups>
    <test started-at="2025-05-23T15:45:59 IST" name="Test" finished-at="2025-05-23T15:46:37 IST" duration-ms="38030">
      <class name="tests.OrangeHRMTest">
        <test-method is-config="true" signature="setUp()[pri:0, instance:tests.OrangeHRMTest@6497b078]" started-at="2025-05-23T15:45:59 IST" name="setUp" finished-at="2025-05-23T15:46:05 IST" duration-ms="5820" status="PASS">
          <reporter-output>
          </reporter-output>
        </test-method> <!-- setUp -->
        <test-method signature="loginTest()[pri:1, instance:tests.OrangeHRMTest@6497b078]" started-at="2025-05-23T15:46:05 IST" name="loginTest" finished-at="2025-05-23T15:46:13 IST" duration-ms="8360" status="PASS">
          <reporter-output>
          </reporter-output>
        </test-method> <!-- loginTest -->
        <test-method signature="addCandidateTest()[pri:2, instance:tests.OrangeHRMTest@6497b078]" started-at="2025-05-23T15:46:13 IST" name="addCandidateTest" finished-at="2025-05-23T15:46:29 IST" duration-ms="15541" status="PASS">
          <reporter-output>
          </reporter-output>
        </test-method> <!-- addCandidateTest -->
        <test-method signature="logoutTest()[pri:3, instance:tests.OrangeHRMTest@6497b078]" started-at="2025-05-23T15:46:29 IST" name="logoutTest" finished-at="2025-05-23T15:46:34 IST" duration-ms="4652" status="PASS">
          <reporter-output>
          </reporter-output>
        </test-method> <!-- logoutTest -->
        <test-method is-config="true" signature="tearDown()[pri:0, instance:tests.OrangeHRMTest@6497b078]" started-at="2025-05-23T15:46:34 IST" name="tearDown" finished-at="2025-05-23T15:46:37 IST" duration-ms="3573" status="PASS">
          <reporter-output>
          </reporter-output>
        </test-method> <!-- tearDown -->
      </class> <!-- tests.OrangeHRMTest -->
    </test> <!-- Test -->
  </suite> <!-- Suite -->
</testng-results>
