<?xml version="1.0" encoding="UTF-8"?>
<!-- Generated by org.testng.reporters.JUnitXMLReporter -->
<testsuite ignored="0" hostname="ASCINLAP64301" failures="0" tests="3" name="Test" time="38.03" errors="0" timestamp="2025-05-23T15:46:37 IST">
  <testcase classname="tests.OrangeHRMTest" name="loginTest" time="8.36"/>
  <testcase classname="tests.OrangeHRMTest" name="addCandidateTest" time="15.541"/>
  <testcase classname="tests.OrangeHRMTest" name="logoutTest" time="4.652"/>
</testsuite> <!-- Test -->
