<?xml version="1.0" encoding="UTF-8"?>
<!-- Generated by org.testng.reporters.JUnitXMLReporter -->
<testsuite ignored="0" hostname="ASCINLAP64301" failures="0" tests="3" name="Default test" time="45.648" errors="0" timestamp="2025-05-23T15:45:22 IST">
  <testcase classname="tests.OrangeHRMTest" name="loginTest" time="8.362"/>
  <testcase classname="tests.OrangeHRMTest" name="addCandidateTest" time="24.563"/>
  <testcase classname="tests.OrangeHRMTest" name="logoutTest" time="4.225"/>
</testsuite> <!-- Default test -->
